Arguments: 
  /usr/local/Cellar/node/12.1.0/bin/node /usr/local/Cellar/yarn/1.5.1_1/libexec/bin/yarn.js update

PATH: 
  /Users/cyoung1664/.rvm/gems/ruby-2.4.1@canvas_shim/bin:/Users/cyoung1664/.rvm/gems/ruby-2.4.1@global/bin:/Users/cyoung1664/.rvm/rubies/ruby-2.4.1/bin:/Users/cyoung1664/.rvm/bin:/usr/local/bin:/usr/bin:/bin:/usr/sbin:/sbin:/Users/cyoung1664/bin:/Users/cyoung1664/Library/Python/2.7/bin/

Yarn version: 
  1.5.1

Node version: 
  12.1.0

Platform: 
  darwin x64

npm manifest: 
  {
    "name": "canvas_shim",
    "version": "1.0.0",
    "main": "index.js",
    "repository": "git@github.com:StrongMind/canvas_shim.git",
    "author": "Chris Irish <supairish@gmail.com>",
    "license": "MIT",
    "dependencies": {
      "jquery": "^3.3.1"
    }
  }

yarn manifest: 
  No manifest

Lockfile: 
  # THIS IS AN AUTOGENERATED FILE. DO NOT EDIT THIS FILE DIRECTLY.
  # yarn lockfile v1
  
  
  jquery@^3.3.1:
    version "3.3.1"
    resolved "https://registry.yarnpkg.com/jquery/-/jquery-3.3.1.tgz#958ce29e81c9790f31be7792df5d4d95fc57fbca"
    integrity sha512-Ubldcmxp5np52/ENotGxlLe6aGMvmF4R8S6tZjsP6Knsaxd/xp3Zrh50cG93lR6nPXyUFwzN3ZSOQI0wRJNdGg==

Trace: 
  Error: Command "update" not found.
      at new MessageError (/usr/local/Cellar/yarn/1.5.1_1/libexec/lib/cli.js:186:110)
      at /usr/local/Cellar/yarn/1.5.1_1/libexec/lib/cli.js:87307:17
      at Generator.next (<anonymous>)
      at step (/usr/local/Cellar/yarn/1.5.1_1/libexec/lib/cli.js:98:30)
      at /usr/local/Cellar/yarn/1.5.1_1/libexec/lib/cli.js:116:14
      at new Promise (<anonymous>)
      at new F (/usr/local/Cellar/yarn/1.5.1_1/libexec/lib/cli.js:23451:28)
      at /usr/local/Cellar/yarn/1.5.1_1/libexec/lib/cli.js:95:12
      at runCommand (/usr/local/Cellar/yarn/1.5.1_1/libexec/lib/cli.js:87312:22)
      at Object.<anonymous> (/usr/local/Cellar/yarn/1.5.1_1/libexec/lib/cli.js:87412:14)
